Wed, 18 Jun 2014 13:56:35 5500 ERROR getRequest:http://api.map.baidu.com/place/v2/search?ak=WSGuLTGiA5kVYX3q47TA2c3S&output=json&query=北京邮电大学世纪学院&page_size=10&page_num=0&scope=1&region=北京   timed out 
Wed, 18 Jun 2014 13:56:46 5500 ERROR getRequest:http://api.map.baidu.com/place/v2/search?ak=WSGuLTGiA5kVYX3q47TA2c3S&output=json&query=北京企业管理研修学院&page_size=10&page_num=0&scope=1&region=北京   timed out 
Wed, 18 Jun 2014 14:05:50 6788 ERROR getRequest:http://api.map.baidu.com/place/v2/search?ak=WSGuLTGiA5kVYX3q47TA2c3S&output=json&query=北京理工大学&page_size=10&page_num=0&scope=1&region=北京   timed out 
Wed, 18 Jun 2014 14:06:06 6788 ERROR getRequest:http://api.map.baidu.com/place/v2/search?ak=WSGuLTGiA5kVYX3q47TA2c3S&output=json&query=北京中医药大学&page_size=10&page_num=0&scope=1&region=北京   timed out 
Wed, 18 Jun 2014 14:06:24 6788 ERROR getRequest:http://api.map.baidu.com/place/v2/search?ak=WSGuLTGiA5kVYX3q47TA2c3S&output=json&query=中华女子学院&page_size=10&page_num=0&scope=1&region=北京   timed out 
Wed, 18 Jun 2014 14:07:25 6788 ERROR getRequest:http://api.map.baidu.com/place/v2/search?ak=WSGuLTGiA5kVYX3q47TA2c3S&output=json&query=北京民族大学&page_size=10&page_num=0&scope=1&region=北京   timed out 
Wed, 18 Jun 2014 14:08:25 6788 ERROR getRequest:http://api.map.baidu.com/place/v2/search?ak=WSGuLTGiA5kVYX3q47TA2c3S&output=json&query=上海海洋大学&page_size=10&page_num=0&scope=1&region=上海   timed out 
Wed, 18 Jun 2014 14:08:49 6788 ERROR getRequest:http://api.map.baidu.com/place/v2/search?ak=WSGuLTGiA5kVYX3q47TA2c3S&output=json&query=上海新江学院&page_size=10&page_num=0&scope=1&region=上海   timed out 
Wed, 18 Jun 2014 14:09:02 6788 ERROR getRequest:http://api.map.baidu.com/place/v2/search?ak=WSGuLTGiA5kVYX3q47TA2c3S&output=json&query=复旦大学上海视觉艺术学院&page_size=10&page_num=0&scope=1&region=上海   timed out 
Wed, 18 Jun 2014 14:09:12 6788 ERROR getRequest:http://api.map.baidu.com/place/v2/search?ak=WSGuLTGiA5kVYX3q47TA2c3S&output=json&query=复旦大学上海医学院&page_size=10&page_num=0&scope=1&region=上海   timed out 
Wed, 18 Jun 2014 14:10:28 6788 ERROR getRequest:http://api.map.baidu.com/place/v2/search?ak=WSGuLTGiA5kVYX3q47TA2c3S&output=json&query=哈尔滨石油学院&page_size=10&page_num=0&scope=1&region=黑龙江   timed out 
Wed, 18 Jun 2014 14:11:59 6788 ERROR getRequest:http://api.map.baidu.com/place/v2/search?ak=WSGuLTGiA5kVYX3q47TA2c3S&output=json&query=大连工大&page_size=10&page_num=0&scope=1&region=辽宁   timed out 
Wed, 18 Jun 2014 14:13:10 6788 ERROR getRequest:http://api.map.baidu.com/place/v2/search?ak=WSGuLTGiA5kVYX3q47TA2c3S&output=json&query=沈阳工学院&page_size=10&page_num=0&scope=1&region=辽宁   timed out 
Wed, 18 Jun 2014 14:13:49 6788 ERROR getRequest:http://api.map.baidu.com/place/v2/search?ak=WSGuLTGiA5kVYX3q47TA2c3S&output=json&query=沈阳建筑大学&page_size=10&page_num=0&scope=1&region=辽宁   timed out 
Wed, 18 Jun 2014 14:14:02 6788 ERROR getRequest:http://api.map.baidu.com/place/v2/search?ak=WSGuLTGiA5kVYX3q47TA2c3S&output=json&query=天津科大&page_size=10&page_num=0&scope=1&region=天津   timed out 
Wed, 18 Jun 2014 14:14:57 6788 ERROR getRequest:http://api.map.baidu.com/place/v2/search?ak=WSGuLTGiA5kVYX3q47TA2c3S&output=json&query=中国科大&page_size=10&page_num=0&scope=1&region=安徽   timed out 
Wed, 18 Jun 2014 14:15:09 6788 ERROR getRequest:http://api.map.baidu.com/place/v2/search?ak=WSGuLTGiA5kVYX3q47TA2c3S&output=json&query=合肥学院&page_size=10&page_num=0&scope=1&region=安徽   timed out 
Wed, 18 Jun 2014 14:15:13 6788 ERROR getRequest:http://api.map.baidu.com/place/v2/search?ak=WSGuLTGiA5kVYX3q47TA2c3S&output=json&query=安徽	淮北师范大学信息学院&page_size=10&page_num=0&scope=1&region=安徽   HTTP Error 400: Bad Request 
Wed, 18 Jun 2014 14:15:13 6788 ERROR getRequest:http://api.map.baidu.com/place/v2/search?ak=WSGuLTGiA5kVYX3q47TA2c3S&output=json&query=安徽	淮北师范大学信息学院&page_size=10&page_num=0&scope=1&region=安徽   HTTP Error 400: Bad Request 
Wed, 18 Jun 2014 14:15:13 6788 ERROR getRequest:http://api.map.baidu.com/place/v2/search?ak=WSGuLTGiA5kVYX3q47TA2c3S&output=json&query=安徽	淮北师范大学信息学院&page_size=10&page_num=0&scope=1&region=安徽   HTTP Error 400: Bad Request 
Wed, 18 Jun 2014 14:17:39 6788 ERROR getRequest:http://api.map.baidu.com/place/v2/search?ak=WSGuLTGiA5kVYX3q47TA2c3S&output=json&query=苏州信息职业技术学院&page_size=10&page_num=0&scope=1&region=江苏   timed out 
Wed, 18 Jun 2014 14:19:35 6788 ERROR getRequest:http://api.map.baidu.com/place/v2/search?ak=WSGuLTGiA5kVYX3q47TA2c3S&output=json&query=西安建筑科技大学华清学院&page_size=10&page_num=0&scope=1&region=陕西   timed out 
Wed, 18 Jun 2014 14:20:19 6788 ERROR getRequest:http://api.map.baidu.com/place/v2/search?ak=WSGuLTGiA5kVYX3q47TA2c3S&output=json&query=湖北科技职业学院&page_size=10&page_num=0&scope=1&region=湖北   timed out 
Wed, 18 Jun 2014 14:20:34 6788 ERROR getRequest:http://api.map.baidu.com/place/v2/search?ak=WSGuLTGiA5kVYX3q47TA2c3S&output=json&query=三峡大学&page_size=10&page_num=0&scope=1&region=湖北   timed out 
Wed, 18 Jun 2014 14:20:52 6788 ERROR getRequest:http://api.map.baidu.com/place/v2/search?ak=WSGuLTGiA5kVYX3q47TA2c3S&output=json&query=湖北科技学院&page_size=10&page_num=0&scope=1&region=湖北   timed out 
Wed, 18 Jun 2014 14:21:13 6788 ERROR getRequest:http://api.map.baidu.com/place/v2/search?ak=WSGuLTGiA5kVYX3q47TA2c3S&output=json&query=湖北轻工职业技术学院&page_size=10&page_num=0&scope=1&region=湖北   timed out 
Wed, 18 Jun 2014 14:22:02 6788 ERROR getRequest:http://api.map.baidu.com/place/v2/search?ak=WSGuLTGiA5kVYX3q47TA2c3S&output=json&query=华中师范大学武汉传媒学院&page_size=10&page_num=0&scope=1&region=湖北   timed out 
Wed, 18 Jun 2014 14:22:44 6788 ERROR getRequest:http://api.map.baidu.com/place/v2/search?ak=WSGuLTGiA5kVYX3q47TA2c3S&output=json&query=广东环境保护工程职业学院&page_size=10&page_num=0&scope=1&region=广东   timed out 
Wed, 18 Jun 2014 14:23:14 6788 ERROR getRequest:http://api.map.baidu.com/place/v2/search?ak=WSGuLTGiA5kVYX3q47TA2c3S&output=json&query=华南理工大学广州学院&page_size=10&page_num=0&scope=1&region=广东   timed out 
Wed, 18 Jun 2014 14:25:25 6788 ERROR getRequest:http://api.map.baidu.com/place/v2/search?ak=WSGuLTGiA5kVYX3q47TA2c3S&output=json&query=湖南城市学院&page_size=10&page_num=0&scope=1&region=湖南   timed out 
Wed, 18 Jun 2014 14:25:42 6788 ERROR getRequest:http://api.map.baidu.com/place/v2/search?ak=WSGuLTGiA5kVYX3q47TA2c3S&output=json&query=长沙民政职业技术学院&page_size=10&page_num=0&scope=1&region=湖南   timed out 
Wed, 18 Jun 2014 14:25:56 6788 ERROR getRequest:http://api.map.baidu.com/place/v2/search?ak=WSGuLTGiA5kVYX3q47TA2c3S&output=json&query=长沙南方职业学院&page_size=10&page_num=0&scope=1&region=湖南   timed out 
Wed, 18 Jun 2014 14:26:07 6788 ERROR getRequest:http://api.map.baidu.com/place/v2/search?ak=WSGuLTGiA5kVYX3q47TA2c3S&output=json&query=长沙师范专科学校&page_size=10&page_num=0&scope=1&region=湖南   timed out 
Wed, 18 Jun 2014 14:26:24 6788 ERROR getRequest:http://api.map.baidu.com/place/v2/search?ak=WSGuLTGiA5kVYX3q47TA2c3S&output=json&query=湖南第一师范学院&page_size=10&page_num=0&scope=1&region=湖南   timed out 
Wed, 18 Jun 2014 14:27:45 6788 ERROR getRequest:http://api.map.baidu.com/place/v2/search?ak=WSGuLTGiA5kVYX3q47TA2c3S&output=json&query=西华大学&page_size=10&page_num=0&scope=1&region=四川   timed out 
Wed, 18 Jun 2014 14:28:13 6788 ERROR getRequest:http://api.map.baidu.com/place/v2/search?ak=WSGuLTGiA5kVYX3q47TA2c3S&output=json&query=达州职业技术学院&page_size=10&page_num=0&scope=1&region=四川   timed out 
Wed, 18 Jun 2014 14:29:11 6788 ERROR getRequest:http://api.map.baidu.com/place/v2/search?ak=WSGuLTGiA5kVYX3q47TA2c3S&output=json&query=曲阜师大&page_size=10&page_num=0&scope=1&region=山东   timed out 
Wed, 18 Jun 2014 14:29:29 6788 ERROR getRequest:http://api.map.baidu.com/place/v2/search?ak=WSGuLTGiA5kVYX3q47TA2c3S&output=json&query=泰山医学院&page_size=10&page_num=0&scope=1&region=山东   timed out 
Wed, 18 Jun 2014 14:29:40 6788 ERROR getRequest:http://api.map.baidu.com/place/v2/search?ak=WSGuLTGiA5kVYX3q47TA2c3S&output=json&query=济宁医学院&page_size=10&page_num=0&scope=1&region=山东   timed out 
Wed, 18 Jun 2014 14:30:17 6788 ERROR getRequest:http://api.map.baidu.com/place/v2/search?ak=WSGuLTGiA5kVYX3q47TA2c3S&output=json&query=山东外事翻译学院威海分校&page_size=10&page_num=0&scope=1&region=山东   timed out 
Wed, 18 Jun 2014 14:31:07 6788 ERROR getRequest:http://api.map.baidu.com/place/v2/search?ak=WSGuLTGiA5kVYX3q47TA2c3S&output=json&query=滨州技术学院&page_size=10&page_num=0&scope=1&region=山东   timed out 
Wed, 18 Jun 2014 14:31:29 6788 ERROR getRequest:http://api.map.baidu.com/place/v2/search?ak=WSGuLTGiA5kVYX3q47TA2c3S&output=json&query=山东化工技术学院&page_size=10&page_num=0&scope=1&region=山东   timed out 
Wed, 18 Jun 2014 14:31:58 6788 ERROR getRequest:http://api.map.baidu.com/place/v2/search?ak=WSGuLTGiA5kVYX3q47TA2c3S&output=json&query=泉州师范学院&page_size=10&page_num=0&scope=1&region=福建   timed out 
Wed, 18 Jun 2014 14:32:27 6788 ERROR getRequest:http://api.map.baidu.com/place/v2/search?ak=WSGuLTGiA5kVYX3q47TA2c3S&output=json&query=福建教育学院&page_size=10&page_num=0&scope=1&region=福建   timed out 
Wed, 18 Jun 2014 14:33:07 6788 ERROR getRequest:http://api.map.baidu.com/place/v2/search?ak=WSGuLTGiA5kVYX3q47TA2c3S&output=json&query=漳州卫生职业学院&page_size=10&page_num=0&scope=1&region=福建   timed out 
Wed, 18 Jun 2014 14:33:46 6788 ERROR getRequest:http://api.map.baidu.com/place/v2/search?ak=WSGuLTGiA5kVYX3q47TA2c3S&output=json&query=开封文化艺术职业学院&page_size=10&page_num=0&scope=1&region=河南   timed out 
Wed, 18 Jun 2014 14:34:07 6788 ERROR getRequest:http://api.map.baidu.com/place/v2/search?ak=WSGuLTGiA5kVYX3q47TA2c3S&output=json&query=安阳幼儿师范高等专科学校&page_size=10&page_num=0&scope=1&region=河南   timed out 
Wed, 18 Jun 2014 14:36:50 6788 ERROR getRequest:http://api.map.baidu.com/place/v2/search?ak=WSGuLTGiA5kVYX3q47TA2c3S&output=json&query=云南城市建设职业学院&page_size=10&page_num=0&scope=1&region=云南   timed out 
Wed, 18 Jun 2014 14:37:05 6788 ERROR getRequest:http://api.map.baidu.com/place/v2/search?ak=WSGuLTGiA5kVYX3q47TA2c3S&output=json&query=昆明学院&page_size=10&page_num=0&scope=1&region=云南   timed out 
Wed, 18 Jun 2014 14:38:09 6788 ERROR getRequest:http://api.map.baidu.com/place/v2/search?ak=WSGuLTGiA5kVYX3q47TA2c3S&output=json&query=石家庄医学高等专科学校&page_size=10&page_num=0&scope=1&region=河北   timed out 
Wed, 18 Jun 2014 14:40:41 6788 ERROR getRequest:http://api.map.baidu.com/place/v2/search?ak=WSGuLTGiA5kVYX3q47TA2c3S&output=json&query=山西经济管理干部学院&page_size=10&page_num=0&scope=1&region=山西   timed out 
Wed, 18 Jun 2014 14:40:56 6788 ERROR getRequest:http://api.map.baidu.com/place/v2/search?ak=WSGuLTGiA5kVYX3q47TA2c3S&output=json&query=运城幼儿师范高等专科学校&page_size=10&page_num=0&scope=1&region=山西   timed out 
Wed, 18 Jun 2014 14:41:43 6788 ERROR getRequest:http://api.map.baidu.com/place/v2/search?ak=WSGuLTGiA5kVYX3q47TA2c3S&output=json&query=广西工业职业技术学院&page_size=10&page_num=0&scope=1&region=广西   timed out 
Wed, 18 Jun 2014 14:42:15 6788 ERROR getRequest:http://api.map.baidu.com/place/v2/search?ak=WSGuLTGiA5kVYX3q47TA2c3S&output=json&query=河套大学&page_size=10&page_num=0&scope=1&region=内蒙古   timed out 
Wed, 18 Jun 2014 14:42:26 6788 ERROR getRequest:http://api.map.baidu.com/place/v2/search?ak=WSGuLTGiA5kVYX3q47TA2c3S&output=json&query=呼和浩特职业学院&page_size=10&page_num=0&scope=1&region=内蒙古   timed out 
Wed, 18 Jun 2014 14:43:27 6788 ERROR getRequest:http://api.map.baidu.com/place/v2/search?ak=WSGuLTGiA5kVYX3q47TA2c3S&output=json&query=华南热带农大&page_size=10&page_num=0&scope=1&region=海南   timed out 
Wed, 18 Jun 2014 14:43:44 6788 ERROR getRequest:http://api.map.baidu.com/place/v2/search?ak=WSGuLTGiA5kVYX3q47TA2c3S&output=json&query=The Open University of HongKong&page_size=10&page_num=0&scope=1&region=香港   HTTP Error 400: Bad Request 
Wed, 18 Jun 2014 14:43:44 6788 ERROR getRequest:http://api.map.baidu.com/place/v2/search?ak=WSGuLTGiA5kVYX3q47TA2c3S&output=json&query=The Open University of HongKong&page_size=10&page_num=0&scope=1&region=香港   HTTP Error 400: Bad Request 
Wed, 18 Jun 2014 14:43:44 6788 ERROR getRequest:http://api.map.baidu.com/place/v2/search?ak=WSGuLTGiA5kVYX3q47TA2c3S&output=json&query=The Open University of HongKong&page_size=10&page_num=0&scope=1&region=香港   HTTP Error 400: Bad Request 
Wed, 18 Jun 2014 14:44:22 6788 ERROR getRequest:http://api.map.baidu.com/place/v2/search?ak=WSGuLTGiA5kVYX3q47TA2c3S&output=json&query=铭传大学&page_size=10&page_num=0&scope=1&region=台湾   timed out 
Wed, 18 Jun 2014 14:44:25 6788 ERROR getRequest:http://api.map.baidu.com/place/v2/search?ak=WSGuLTGiA5kVYX3q47TA2c3S&output=json&query=Tatung University&page_size=10&page_num=0&scope=1&region=台湾   HTTP Error 400: Bad Request 
Wed, 18 Jun 2014 14:44:25 6788 ERROR getRequest:http://api.map.baidu.com/place/v2/search?ak=WSGuLTGiA5kVYX3q47TA2c3S&output=json&query=Tatung University&page_size=10&page_num=0&scope=1&region=台湾   HTTP Error 400: Bad Request 
Wed, 18 Jun 2014 14:44:25 6788 ERROR getRequest:http://api.map.baidu.com/place/v2/search?ak=WSGuLTGiA5kVYX3q47TA2c3S&output=json&query=Tatung University&page_size=10&page_num=0&scope=1&region=台湾   HTTP Error 400: Bad Request 
